<?xml version="1.0" encoding="UTF-8"?>
<!-- Generated by org.testng.reporters.JUnitReportReporter -->
<testsuite hostname="DESKTOP-QKGU50N" failures="0" tests="4" name="com.testing.InvocationCount" time="15.236" errors="0" timestamp="2024-10-17T15:55:03 IST" skipped="0">
  <testcase classname="com.testing.InvocationCount" name="launchBrowser" time="2.800"/>
  <system-out/>
  <testcase classname="com.testing.InvocationCount" name="launchBrowser" time="2.841"/>
  <system-out/>
  <testcase classname="com.testing.InvocationCount" name="launchBrowser" time="6.613"/>
  <system-out/>
  <testcase classname="com.testing.InvocationCount" name="launchBrowser" time="2.982"/>
  <system-out/>
</testsuite> <!-- com.testing.InvocationCount -->
