<?xml version="1.0" encoding="UTF-8"?>
<!-- Generated by org.testng.reporters.JUnitReportReporter -->
<testsuite hostname="DESKTOP-QKGU50N" failures="0" tests="1" name="com.testing.Parameter" time="23.424" errors="0" timestamp="2024-10-17T15:53:26 IST" skipped="0">
  <testcase classname="com.testing.Parameter" name="login" time="23.424"/>
  <system-out/>
</testsuite> <!-- com.testing.Parameter -->
