<?xml version="1.0" encoding="UTF-8"?>
<!-- Generated by org.testng.reporters.JUnitReportReporter -->
<testsuite hostname="DESKTOP-QKGU50N" failures="0" tests="3" name="com.testing.CrossBrowserTesting" time="65.025" errors="0" timestamp="2024-10-17T16:42:14 IST" skipped="0">
  <testcase classname="com.testing.CrossBrowserTesting" name="fireFox" time="30.648"/>
  <system-out/>
  <testcase classname="com.testing.CrossBrowserTesting" name="chrome" time="17.189"/>
  <system-out/>
  <testcase classname="com.testing.CrossBrowserTesting" name="edge" time="17.188"/>
  <system-out/>
</testsuite> <!-- com.testing.CrossBrowserTesting -->
