<?xml version="1.0" encoding="UTF-8"?>
<!-- Generated by org.testng.reporters.JUnitReportReporter -->
<testsuite hostname="DESKTOP-QKGU50N" failures="0" tests="1" name="com.testing.ExpectedException" time="10.602" errors="0" timestamp="2024-10-17T16:52:28 IST" skipped="0">
  <testcase classname="com.testing.ExpectedException" name="exception" time="10.602"/>
  <system-out/>
</testsuite> <!-- com.testing.ExpectedException -->
