<?xml version="1.0" encoding="UTF-8"?>
<!-- Generated by org.testng.reporters.JUnitReportReporter -->
<testsuite hostname="DESKTOP-QKGU50N" failures="0" tests="1" name="com.testing.SimpleAnnotations" time="0.041" errors="0" timestamp="2024-10-14T13:32:14 IST" skipped="0">
  <testcase classname="com.testing.SimpleAnnotations" name="login" time="0.041"/>
  <system-out/>
</testsuite> <!-- com.testing.SimpleAnnotations -->
