<?xml version="1.0" encoding="UTF-8"?>
<!-- Generated by org.testng.reporters.JUnitReportReporter -->
<testsuite hostname="DESKTOP-QKGU50N" failures="0" tests="7" name="com.testing.SwagLabs" time="22.369" errors="0" timestamp="2024-10-15T21:58:26 IST" skipped="0">
  <testcase classname="com.testing.SwagLabs" name="addToCart" time="0.211"/>
  <system-out/>
  <testcase classname="com.testing.SwagLabs" name="browserLaunch" time="9.989"/>
  <system-out/>
  <testcase classname="com.testing.SwagLabs" name="logout" time="1.439"/>
  <system-out/>
  <testcase classname="com.testing.SwagLabs" name="urlLaunch" time="0.144"/>
  <system-out/>
  <testcase classname="com.testing.SwagLabs" name="loginPage" time="2.827"/>
  <system-out/>
  <testcase classname="com.testing.SwagLabs" name="productSearch" time="0.339"/>
  <system-out/>
  <testcase classname="com.testing.SwagLabs" name="checkOut" time="7.420"/>
  <system-out/>
</testsuite> <!-- com.testing.SwagLabs -->
